<?xml version="1.0" encoding="UTF-8"?>
<testsuite xmlns:xsi="http://www.w3.org/2001/XMLSchema-instance" xsi:noNamespaceSchemaLocation="https://maven.apache.org/surefire/maven-surefire-plugin/xsd/surefire-test-report.xsd" name="TestSuite" time="678.516" tests="40" errors="0" skipped="0" failures="0">
  <properties>
    <property name="sun.desktop" value="windows"/>
    <property name="awt.toolkit" value="sun.awt.windows.WToolkit"/>
    <property name="file.encoding.pkg" value="sun.io"/>
    <property name="java.specification.version" value="1.8"/>
    <property name="sun.cpu.isalist" value="amd64"/>
    <property name="sun.jnu.encoding" value="Cp1252"/>
    <property name="java.class.path" value="C:\My Stuff\Maven\MavenProject\JavaAppiumFramework\target\test-classes;C:\My Stuff\Maven\MavenProject\JavaAppiumFramework\target\classes;C:\Users\akashkarki\.m2\repository\org\testng\testng\6.11\testng-6.11.jar;C:\Users\akashkarki\.m2\repository\com\beust\jcommander\1.64\jcommander-1.64.jar;C:\Users\akashkarki\.m2\repository\org\yaml\snakeyaml\1.17\snakeyaml-1.17.jar;C:\Users\akashkarki\.m2\repository\io\appium\java-client\7.3.0\java-client-7.3.0.jar;C:\Users\akashkarki\.m2\repository\org\seleniumhq\selenium\selenium-support\3.141.59\selenium-support-3.141.59.jar;C:\Users\akashkarki\.m2\repository\org\seleniumhq\selenium\selenium-api\3.141.59\selenium-api-3.141.59.jar;C:\Users\akashkarki\.m2\repository\com\google\code\gson\gson\2.8.5\gson-2.8.5.jar;C:\Users\akashkarki\.m2\repository\org\apache\httpcomponents\httpclient\4.5.9\httpclient-4.5.9.jar;C:\Users\akashkarki\.m2\repository\org\apache\httpcomponents\httpcore\4.4.11\httpcore-4.4.11.jar;C:\Users\akashkarki\.m2\repository\commons-codec\commons-codec\1.11\commons-codec-1.11.jar;C:\Users\akashkarki\.m2\repository\cglib\cglib\3.2.12\cglib-3.2.12.jar;C:\Users\akashkarki\.m2\repository\org\ow2\asm\asm\7.1\asm-7.1.jar;C:\Users\akashkarki\.m2\repository\org\springframework\spring-context\5.1.8.RELEASE\spring-context-5.1.8.RELEASE.jar;C:\Users\akashkarki\.m2\repository\org\springframework\spring-aop\5.1.8.RELEASE\spring-aop-5.1.8.RELEASE.jar;C:\Users\akashkarki\.m2\repository\org\springframework\spring-beans\5.1.8.RELEASE\spring-beans-5.1.8.RELEASE.jar;C:\Users\akashkarki\.m2\repository\org\springframework\spring-core\5.1.8.RELEASE\spring-core-5.1.8.RELEASE.jar;C:\Users\akashkarki\.m2\repository\org\springframework\spring-jcl\5.1.8.RELEASE\spring-jcl-5.1.8.RELEASE.jar;C:\Users\akashkarki\.m2\repository\org\springframework\spring-expression\5.1.8.RELEASE\spring-expression-5.1.8.RELEASE.jar;C:\Users\akashkarki\.m2\repository\org\aspectj\aspectjweaver\1.9.4\aspectjweaver-1.9.4.jar;C:\Users\akashkarki\.m2\repository\org\seleniumhq\selenium\selenium-java\3.141.59\selenium-java-3.141.59.jar;C:\Users\akashkarki\.m2\repository\org\seleniumhq\selenium\selenium-chrome-driver\3.141.59\selenium-chrome-driver-3.141.59.jar;C:\Users\akashkarki\.m2\repository\org\seleniumhq\selenium\selenium-edge-driver\3.141.59\selenium-edge-driver-3.141.59.jar;C:\Users\akashkarki\.m2\repository\org\seleniumhq\selenium\selenium-firefox-driver\3.141.59\selenium-firefox-driver-3.141.59.jar;C:\Users\akashkarki\.m2\repository\org\seleniumhq\selenium\selenium-ie-driver\3.141.59\selenium-ie-driver-3.141.59.jar;C:\Users\akashkarki\.m2\repository\org\seleniumhq\selenium\selenium-opera-driver\3.141.59\selenium-opera-driver-3.141.59.jar;C:\Users\akashkarki\.m2\repository\org\seleniumhq\selenium\selenium-remote-driver\3.141.59\selenium-remote-driver-3.141.59.jar;C:\Users\akashkarki\.m2\repository\org\seleniumhq\selenium\selenium-safari-driver\3.141.59\selenium-safari-driver-3.141.59.jar;C:\Users\akashkarki\.m2\repository\net\bytebuddy\byte-buddy\1.8.15\byte-buddy-1.8.15.jar;C:\Users\akashkarki\.m2\repository\org\apache\commons\commons-exec\1.3\commons-exec-1.3.jar;C:\Users\akashkarki\.m2\repository\com\google\guava\guava\25.0-jre\guava-25.0-jre.jar;C:\Users\akashkarki\.m2\repository\com\google\code\findbugs\jsr305\1.3.9\jsr305-1.3.9.jar;C:\Users\akashkarki\.m2\repository\org\checkerframework\checker-compat-qual\2.0.0\checker-compat-qual-2.0.0.jar;C:\Users\akashkarki\.m2\repository\com\google\errorprone\error_prone_annotations\2.1.3\error_prone_annotations-2.1.3.jar;C:\Users\akashkarki\.m2\repository\com\google\j2objc\j2objc-annotations\1.1\j2objc-annotations-1.1.jar;C:\Users\akashkarki\.m2\repository\org\codehaus\mojo\animal-sniffer-annotations\1.14\animal-sniffer-annotations-1.14.jar;C:\Users\akashkarki\.m2\repository\com\squareup\okhttp3\okhttp\3.11.0\okhttp-3.11.0.jar;C:\Users\akashkarki\.m2\repository\com\squareup\okio\okio\1.14.0\okio-1.14.0.jar;C:\Users\akashkarki\.m2\repository\org\slf4j\slf4j-simple\1.7.29\slf4j-simple-1.7.29.jar;C:\Users\akashkarki\.m2\repository\org\slf4j\slf4j-api\1.7.29\slf4j-api-1.7.29.jar;C:\Users\akashkarki\.m2\repository\org\apache\commons\commons-lang3\3.9\commons-lang3-3.9.jar;C:\Users\akashkarki\.m2\repository\commons-io\commons-io\2.5\commons-io-2.5.jar;C:\Users\akashkarki\.m2\repository\commons-validator\commons-validator\1.6\commons-validator-1.6.jar;C:\Users\akashkarki\.m2\repository\commons-beanutils\commons-beanutils\1.9.2\commons-beanutils-1.9.2.jar;C:\Users\akashkarki\.m2\repository\commons-digester\commons-digester\1.8.1\commons-digester-1.8.1.jar;C:\Users\akashkarki\.m2\repository\commons-logging\commons-logging\1.2\commons-logging-1.2.jar;C:\Users\akashkarki\.m2\repository\commons-collections\commons-collections\3.2.2\commons-collections-3.2.2.jar;C:\Users\akashkarki\.m2\repository\com\aventstack\extentreports\4.0.0\extentreports-4.0.0.jar;C:\Users\akashkarki\.m2\repository\org\freemarker\freemarker\2.3.23\freemarker-2.3.23.jar;C:\Users\akashkarki\.m2\repository\org\mongodb\mongodb-driver\3.3.0\mongodb-driver-3.3.0.jar;C:\Users\akashkarki\.m2\repository\org\mongodb\mongodb-driver-core\3.3.0\mongodb-driver-core-3.3.0.jar;C:\Users\akashkarki\.m2\repository\org\mongodb\bson\3.3.0\bson-3.3.0.jar;C:\Users\akashkarki\.m2\repository\org\apache\httpcomponents\httpmime\4.5.2\httpmime-4.5.2.jar;C:\Users\akashkarki\.m2\repository\org\apache\maven\surefire\surefire-testng-utils\2.20.1\surefire-testng-utils-2.20.1.jar;C:\Users\akashkarki\.m2\repository\org\apache\maven\surefire\surefire-grouper\2.20.1\surefire-grouper-2.20.1.jar;"/>
    <property name="java.vm.vendor" value="Oracle Corporation"/>
    <property name="sun.arch.data.model" value="64"/>
    <property name="user.variant" value=""/>
    <property name="java.vendor.url" value="http://java.oracle.com/"/>
    <property name="user.timezone" value=""/>
    <property name="java.vm.specification.version" value="1.8"/>
    <property name="os.name" value="Windows 10"/>
    <property name="user.country" value="IN"/>
    <property name="sun.java.launcher" value="SUN_STANDARD"/>
    <property name="sun.boot.library.path" value="C:\Program Files\Java\jdk1.8.0_181\jre\bin"/>
    <property name="sun.java.command" value="C:\Users\AKASHK~1\AppData\Local\Temp\surefire8497954877607785331\surefirebooter6942151509501703018.jar C:\Users\akashkarki\AppData\Local\Temp\surefire8497954877607785331 2020-06-07T13-35-53_067-jvmRun1 surefire6375781850641412934tmp surefire_01481409013793103156tmp"/>
    <property name="surefire.test.class.path" value="C:\My Stuff\Maven\MavenProject\JavaAppiumFramework\target\test-classes;C:\My Stuff\Maven\MavenProject\JavaAppiumFramework\target\classes;C:\Users\akashkarki\.m2\repository\org\testng\testng\6.11\testng-6.11.jar;C:\Users\akashkarki\.m2\repository\com\beust\jcommander\1.64\jcommander-1.64.jar;C:\Users\akashkarki\.m2\repository\org\yaml\snakeyaml\1.17\snakeyaml-1.17.jar;C:\Users\akashkarki\.m2\repository\io\appium\java-client\7.3.0\java-client-7.3.0.jar;C:\Users\akashkarki\.m2\repository\org\seleniumhq\selenium\selenium-support\3.141.59\selenium-support-3.141.59.jar;C:\Users\akashkarki\.m2\repository\org\seleniumhq\selenium\selenium-api\3.141.59\selenium-api-3.141.59.jar;C:\Users\akashkarki\.m2\repository\com\google\code\gson\gson\2.8.5\gson-2.8.5.jar;C:\Users\akashkarki\.m2\repository\org\apache\httpcomponents\httpclient\4.5.9\httpclient-4.5.9.jar;C:\Users\akashkarki\.m2\repository\org\apache\httpcomponents\httpcore\4.4.11\httpcore-4.4.11.jar;C:\Users\akashkarki\.m2\repository\commons-codec\commons-codec\1.11\commons-codec-1.11.jar;C:\Users\akashkarki\.m2\repository\cglib\cglib\3.2.12\cglib-3.2.12.jar;C:\Users\akashkarki\.m2\repository\org\ow2\asm\asm\7.1\asm-7.1.jar;C:\Users\akashkarki\.m2\repository\org\springframework\spring-context\5.1.8.RELEASE\spring-context-5.1.8.RELEASE.jar;C:\Users\akashkarki\.m2\repository\org\springframework\spring-aop\5.1.8.RELEASE\spring-aop-5.1.8.RELEASE.jar;C:\Users\akashkarki\.m2\repository\org\springframework\spring-beans\5.1.8.RELEASE\spring-beans-5.1.8.RELEASE.jar;C:\Users\akashkarki\.m2\repository\org\springframework\spring-core\5.1.8.RELEASE\spring-core-5.1.8.RELEASE.jar;C:\Users\akashkarki\.m2\repository\org\springframework\spring-jcl\5.1.8.RELEASE\spring-jcl-5.1.8.RELEASE.jar;C:\Users\akashkarki\.m2\repository\org\springframework\spring-expression\5.1.8.RELEASE\spring-expression-5.1.8.RELEASE.jar;C:\Users\akashkarki\.m2\repository\org\aspectj\aspectjweaver\1.9.4\aspectjweaver-1.9.4.jar;C:\Users\akashkarki\.m2\repository\org\seleniumhq\selenium\selenium-java\3.141.59\selenium-java-3.141.59.jar;C:\Users\akashkarki\.m2\repository\org\seleniumhq\selenium\selenium-chrome-driver\3.141.59\selenium-chrome-driver-3.141.59.jar;C:\Users\akashkarki\.m2\repository\org\seleniumhq\selenium\selenium-edge-driver\3.141.59\selenium-edge-driver-3.141.59.jar;C:\Users\akashkarki\.m2\repository\org\seleniumhq\selenium\selenium-firefox-driver\3.141.59\selenium-firefox-driver-3.141.59.jar;C:\Users\akashkarki\.m2\repository\org\seleniumhq\selenium\selenium-ie-driver\3.141.59\selenium-ie-driver-3.141.59.jar;C:\Users\akashkarki\.m2\repository\org\seleniumhq\selenium\selenium-opera-driver\3.141.59\selenium-opera-driver-3.141.59.jar;C:\Users\akashkarki\.m2\repository\org\seleniumhq\selenium\selenium-remote-driver\3.141.59\selenium-remote-driver-3.141.59.jar;C:\Users\akashkarki\.m2\repository\org\seleniumhq\selenium\selenium-safari-driver\3.141.59\selenium-safari-driver-3.141.59.jar;C:\Users\akashkarki\.m2\repository\net\bytebuddy\byte-buddy\1.8.15\byte-buddy-1.8.15.jar;C:\Users\akashkarki\.m2\repository\org\apache\commons\commons-exec\1.3\commons-exec-1.3.jar;C:\Users\akashkarki\.m2\repository\com\google\guava\guava\25.0-jre\guava-25.0-jre.jar;C:\Users\akashkarki\.m2\repository\com\google\code\findbugs\jsr305\1.3.9\jsr305-1.3.9.jar;C:\Users\akashkarki\.m2\repository\org\checkerframework\checker-compat-qual\2.0.0\checker-compat-qual-2.0.0.jar;C:\Users\akashkarki\.m2\repository\com\google\errorprone\error_prone_annotations\2.1.3\error_prone_annotations-2.1.3.jar;C:\Users\akashkarki\.m2\repository\com\google\j2objc\j2objc-annotations\1.1\j2objc-annotations-1.1.jar;C:\Users\akashkarki\.m2\repository\org\codehaus\mojo\animal-sniffer-annotations\1.14\animal-sniffer-annotations-1.14.jar;C:\Users\akashkarki\.m2\repository\com\squareup\okhttp3\okhttp\3.11.0\okhttp-3.11.0.jar;C:\Users\akashkarki\.m2\repository\com\squareup\okio\okio\1.14.0\okio-1.14.0.jar;C:\Users\akashkarki\.m2\repository\org\slf4j\slf4j-simple\1.7.29\slf4j-simple-1.7.29.jar;C:\Users\akashkarki\.m2\repository\org\slf4j\slf4j-api\1.7.29\slf4j-api-1.7.29.jar;C:\Users\akashkarki\.m2\repository\org\apache\commons\commons-lang3\3.9\commons-lang3-3.9.jar;C:\Users\akashkarki\.m2\repository\commons-io\commons-io\2.5\commons-io-2.5.jar;C:\Users\akashkarki\.m2\repository\commons-validator\commons-validator\1.6\commons-validator-1.6.jar;C:\Users\akashkarki\.m2\repository\commons-beanutils\commons-beanutils\1.9.2\commons-beanutils-1.9.2.jar;C:\Users\akashkarki\.m2\repository\commons-digester\commons-digester\1.8.1\commons-digester-1.8.1.jar;C:\Users\akashkarki\.m2\repository\commons-logging\commons-logging\1.2\commons-logging-1.2.jar;C:\Users\akashkarki\.m2\repository\commons-collections\commons-collections\3.2.2\commons-collections-3.2.2.jar;C:\Users\akashkarki\.m2\repository\com\aventstack\extentreports\4.0.0\extentreports-4.0.0.jar;C:\Users\akashkarki\.m2\repository\org\freemarker\freemarker\2.3.23\freemarker-2.3.23.jar;C:\Users\akashkarki\.m2\repository\org\mongodb\mongodb-driver\3.3.0\mongodb-driver-3.3.0.jar;C:\Users\akashkarki\.m2\repository\org\mongodb\mongodb-driver-core\3.3.0\mongodb-driver-core-3.3.0.jar;C:\Users\akashkarki\.m2\repository\org\mongodb\bson\3.3.0\bson-3.3.0.jar;C:\Users\akashkarki\.m2\repository\org\apache\httpcomponents\httpmime\4.5.2\httpmime-4.5.2.jar;C:\Users\akashkarki\.m2\repository\org\apache\maven\surefire\surefire-testng-utils\2.20.1\surefire-testng-utils-2.20.1.jar;C:\Users\akashkarki\.m2\repository\org\apache\maven\surefire\surefire-grouper\2.20.1\surefire-grouper-2.20.1.jar;"/>
    <property name="sun.cpu.endian" value="little"/>
    <property name="Device" value="Emulator"/>
    <property name="user.home" value="C:\Users\akashkarki"/>
    <property name="user.language" value="en"/>
    <property name="java.specification.vendor" value="Oracle Corporation"/>
    <property name="java.home" value="C:\Program Files\Java\jdk1.8.0_181\jre"/>
    <property name="basedir" value="C:\My Stuff\Maven\MavenProject\JavaAppiumFramework"/>
    <property name="file.separator" value="\"/>
    <property name="line.separator" value="&#10;"/>
    <property name="java.vm.specification.vendor" value="Oracle Corporation"/>
    <property name="java.specification.name" value="Java Platform API Specification"/>
    <property name="java.awt.graphicsenv" value="sun.awt.Win32GraphicsEnvironment"/>
    <property name="surefire.real.class.path" value="C:\Users\AKASHK~1\AppData\Local\Temp\surefire8497954877607785331\surefirebooter6942151509501703018.jar"/>
    <property name="Browser" value="chrome"/>
    <property name="sun.boot.class.path" value="C:\Program Files\Java\jdk1.8.0_181\jre\lib\resources.jar;C:\Program Files\Java\jdk1.8.0_181\jre\lib\rt.jar;C:\Program Files\Java\jdk1.8.0_181\jre\lib\sunrsasign.jar;C:\Program Files\Java\jdk1.8.0_181\jre\lib\jsse.jar;C:\Program Files\Java\jdk1.8.0_181\jre\lib\jce.jar;C:\Program Files\Java\jdk1.8.0_181\jre\lib\charsets.jar;C:\Program Files\Java\jdk1.8.0_181\jre\lib\jfr.jar;C:\Program Files\Java\jdk1.8.0_181\jre\classes"/>
    <property name="user.script" value=""/>
    <property name="sun.management.compiler" value="HotSpot 64-Bit Tiered Compilers"/>
    <property name="java.runtime.version" value="1.8.0_181-b13"/>
    <property name="user.name" value="akashkarki"/>
    <property name="path.separator" value=";"/>
    <property name="Apptype" value="Native"/>
    <property name="os.version" value="10.0"/>
    <property name="java.endorsed.dirs" value="C:\Program Files\Java\jdk1.8.0_181\jre\lib\endorsed"/>
    <property name="java.runtime.name" value="Java(TM) SE Runtime Environment"/>
    <property name="tier" value="qa"/>
    <property name="file.encoding" value="Cp1252"/>
    <property name="java.vm.name" value="Java HotSpot(TM) 64-Bit Server VM"/>
    <property name="localRepository" value="C:\Users\akashkarki\.m2\repository"/>
    <property name="java.vendor.url.bug" value="http://bugreport.sun.com/bugreport/"/>
    <property name="java.io.tmpdir" value="C:\Users\AKASHK~1\AppData\Local\Temp\"/>
    <property name="ApplicationName" value="GeneralStore"/>
    <property name="java.version" value="1.8.0_181"/>
    <property name="user.dir" value="C:\My Stuff\Maven\MavenProject\JavaAppiumFramework"/>
    <property name="os.arch" value="amd64"/>
    <property name="java.vm.specification.name" value="Java Virtual Machine Specification"/>
    <property name="java.awt.printerjob" value="sun.awt.windows.WPrinterJob"/>
    <property name="AndroidVersion" value="7"/>
    <property name="sun.os.patch.level" value=""/>
    <property name="java.library.path" value="C:\Program Files\Java\jdk1.8.0_181\jre\bin;C:\Windows\Sun\Java\bin;C:\Windows\system32;C:\Windows;C:\Program Files (x86)\Common Files\Oracle\Java\javapath;C:\Program Files (x86)\Intel\Intel(R) Management Engine Components\iCLS\;C:\Program Files\Intel\Intel(R) Management Engine Components\iCLS\;C:\Windows\system32;C:\Windows;C:\Windows\System32\Wbem;C:\Windows\System32\WindowsPowerShell\v1.0\;C:\Windows\System32\OpenSSH\;C:\Program Files (x86)\Intel\Intel(R) Management Engine Components\DAL;C:\Program Files\Intel\Intel(R) Management Engine Components\DAL;C:\Program Files (x86)\Intel\Intel(R) Management Engine Components\IPT;C:\Program Files\Intel\Intel(R) Management Engine Components\IPT;C:\Program Files\Java\jdk1.8.0_181\bin;C:\Users\akashkarki\Downloads\apache-maven-3.6.1\bin;C:\Program Files\nodejs\;C:\Users\akashkarki\AppData\Local\Android\Sdk\tools\bin;C:\Users\akashkarki\AppData\Local\Android\Sdk\tools;C:\Users\akashkarki\AppData\Local\Android\Sdk\platform-tools;C:\Program Files\nodejs\node_modules\npm\bin;C:\Users\akashkarki\AppData\Local\Android\Sdk\emulator;C:\Users\akashkarki\AppData\Local\Android\Sdk\emulator\bin64;C:\Users\akashkarki\AppData\Local\Android\Sdk\emulator\qemu;C:\Users\akashkarki\AppData\Local\Android\Sdk;C:\Users\akashkarki\AppData\Local\Microsoft\WindowsApps;C:\Users\akashkarki\AppData\Local\Programs\Git\cmd;C:\Users\akashkarki\AppData\Roaming\npm;C:\Users\akashkarki\AppData\Local\Android\Sdk\emulator;;."/>
    <property name="java.vm.info" value="mixed mode"/>
    <property name="java.vendor" value="Oracle Corporation"/>
    <property name="java.vm.version" value="25.181-b13"/>
    <property name="java.ext.dirs" value="C:\Program Files\Java\jdk1.8.0_181\jre\lib\ext;C:\Windows\Sun\Java\lib\ext"/>
    <property name="sun.io.unicode.encoding" value="UnicodeLittle"/>
    <property name="java.class.version" value="52.0"/>
  </properties>
  <testcase name="Step10_Switch_To_Web_View" classname="AppiumTests.GeneralStore.test.GeneralStoreBasicTest2" time="0.911"/>
  <testcase name="Step10_Switch_To_Web_View" classname="AppiumTests.GeneralStore.test.GeneralStoreBasicTest2" time="0.015"/>
  <testcase name="Step1_Verify_User_is_On_Application" classname="AppiumTests.GeneralStore.test.GeneralStoreBasicTest2" time="3.839"/>
  <testcase name="Step1_Verify_User_is_On_Application" classname="AppiumTests.GeneralStore.test.GeneralStoreBasicTest2" time="3.759"/>
  <testcase name="Step2_Verify_User_is_Able_To_Login" classname="AppiumTests.GeneralStore.test.GeneralStoreBasicTest2" time="21.054"/>
  <testcase name="Step2_Verify_User_is_Able_To_Login" classname="AppiumTests.GeneralStore.test.GeneralStoreBasicTest2" time="13.056"/>
  <testcase name="Step3_Verify_Error_Message_On_Incorrect_Info" classname="AppiumTests.GeneralStore.test.GeneralStoreBasicTest2" time="7.419"/>
  <testcase name="Step3_Verify_Error_Message_On_Incorrect_Info" classname="AppiumTests.GeneralStore.test.GeneralStoreBasicTest2" time="7.833"/>
  <testcase name="Step4_Verify_User_Able_To_Add_Product_To_Cart" classname="AppiumTests.GeneralStore.test.GeneralStoreBasicTest2" time="26.533"/>
  <testcase name="Step4_Verify_User_Able_To_Add_Product_To_Cart" classname="AppiumTests.GeneralStore.test.GeneralStoreBasicTest2" time="26.429"/>
  <testcase name="Step5_Verify_User_Able_To_Add_Multiple_Project_And_CheckOut_Ammount" classname="AppiumTests.GeneralStore.test.GeneralStoreBasicTest2" time="27.382"/>
  <testcase name="Step5_Verify_User_Able_To_Add_Multiple_Project_And_CheckOut_Ammount" classname="AppiumTests.GeneralStore.test.GeneralStoreBasicTest2" time="3.916"/>
  <testcase name="Step6_Verify_Price_Of_Product_On_Check_Out_Page" classname="AppiumTests.GeneralStore.test.GeneralStoreBasicTest2" time="1.408"/>
  <testcase name="Step6_Verify_Price_Of_Product_On_Check_Out_Page" classname="AppiumTests.GeneralStore.test.GeneralStoreBasicTest2" time="0.408"/>
  <testcase name="Step7_Verify_Terms_And_Conditions_On_Check_Out_Page" classname="AppiumTests.GeneralStore.test.GeneralStoreBasicTest2" time="6.931"/>
  <testcase name="Step7_Verify_Terms_And_Conditions_On_Check_Out_Page" classname="AppiumTests.GeneralStore.test.GeneralStoreBasicTest2" time="12.774"/>
  <testcase name="Step8_Click_Send_Me_Email_And_Verify_Satus" classname="AppiumTests.GeneralStore.test.GeneralStoreBasicTest2" time="1.192"/>
  <testcase name="Step8_Click_Send_Me_Email_And_Verify_Satus" classname="AppiumTests.GeneralStore.test.GeneralStoreBasicTest2" time="1.124"/>
  <testcase name="Step9_Click_Visit_To_Website_Button" classname="AppiumTests.GeneralStore.test.GeneralStoreBasicTest2" time="0.951"/>
  <testcase name="Step9_Click_Visit_To_Website_Button" classname="AppiumTests.GeneralStore.test.GeneralStoreBasicTest2" time="0.163"/>
  <testcase name="Step10_Switch_To_Web_View" classname="AppiumTests.GeneralStore.test.GeneralStoreBasicTest" time="0.005"/>
  <testcase name="Step10_Switch_To_Web_View" classname="AppiumTests.GeneralStore.test.GeneralStoreBasicTest" time="0.011"/>
  <testcase name="Step1_Verify_User_is_On_Application" classname="AppiumTests.GeneralStore.test.GeneralStoreBasicTest" time="0.311"/>
  <testcase name="Step1_Verify_User_is_On_Application" classname="AppiumTests.GeneralStore.test.GeneralStoreBasicTest" time="3.078"/>
  <testcase name="Step2_Verify_User_is_Able_To_Login" classname="AppiumTests.GeneralStore.test.GeneralStoreBasicTest" time="7.072"/>
  <testcase name="Step2_Verify_User_is_Able_To_Login" classname="AppiumTests.GeneralStore.test.GeneralStoreBasicTest" time="14.613"/>
  <testcase name="Step3_Verify_Error_Message_On_Incorrect_Info" classname="AppiumTests.GeneralStore.test.GeneralStoreBasicTest" time="8.079"/>
  <testcase name="Step3_Verify_Error_Message_On_Incorrect_Info" classname="AppiumTests.GeneralStore.test.GeneralStoreBasicTest" time="7.708"/>
  <testcase name="Step4_Verify_User_Able_To_Add_Product_To_Cart" classname="AppiumTests.GeneralStore.test.GeneralStoreBasicTest" time="22.547"/>
  <testcase name="Step4_Verify_User_Able_To_Add_Product_To_Cart" classname="AppiumTests.GeneralStore.test.GeneralStoreBasicTest" time="20.201"/>
  <testcase name="Step5_Verify_User_Able_To_Add_Multiple_Project_And_CheckOut_Ammount" classname="AppiumTests.GeneralStore.test.GeneralStoreBasicTest" time="26.102"/>
  <testcase name="Step5_Verify_User_Able_To_Add_Multiple_Project_And_CheckOut_Ammount" classname="AppiumTests.GeneralStore.test.GeneralStoreBasicTest" time="18.448"/>
  <testcase name="Step6_Verify_Price_Of_Product_On_Check_Out_Page" classname="AppiumTests.GeneralStore.test.GeneralStoreBasicTest" time="0.273"/>
  <testcase name="Step6_Verify_Price_Of_Product_On_Check_Out_Page" classname="AppiumTests.GeneralStore.test.GeneralStoreBasicTest" time="0.23"/>
  <testcase name="Step7_Verify_Terms_And_Conditions_On_Check_Out_Page" classname="AppiumTests.GeneralStore.test.GeneralStoreBasicTest" time="3.376"/>
  <testcase name="Step7_Verify_Terms_And_Conditions_On_Check_Out_Page" classname="AppiumTests.GeneralStore.test.GeneralStoreBasicTest" time="14.328"/>
  <testcase name="Step8_Click_Send_Me_Email_And_Verify_Satus" classname="AppiumTests.GeneralStore.test.GeneralStoreBasicTest" time="1.411"/>
  <testcase name="Step8_Click_Send_Me_Email_And_Verify_Satus" classname="AppiumTests.GeneralStore.test.GeneralStoreBasicTest" time="0.836"/>
  <testcase name="Step9_Click_Visit_To_Website_Button" classname="AppiumTests.GeneralStore.test.GeneralStoreBasicTest" time="0.83"/>
  <testcase name="Step9_Click_Visit_To_Website_Button" classname="AppiumTests.GeneralStore.test.GeneralStoreBasicTest" time="0.181"/>
</testsuite>