<?xml version="1.0" encoding="UTF-8"?>
<!-- Generated by org.testng.reporters.JUnitReportReporter -->
<testsuite hostname="DLLA06P3273" name="AppiumTests.test.GeneralStoreBasicTest" tests="10" failures="0" timestamp="29 Apr 2020 10:07:40 GMT" time="104.689" errors="0">
  <testcase name="Step9_Click_Visit_To_Website_Button" time="0.150" classname="AppiumTests.test.GeneralStoreBasicTest"/>
  <testcase name="Step1_Verify_User_is_On_Application" time="4.390" classname="AppiumTests.test.GeneralStoreBasicTest"/>
  <testcase name="Step7_Verify_Terms_And_Conditions_On_Check_Out_Page" time="14.412" classname="AppiumTests.test.GeneralStoreBasicTest"/>
  <testcase name="Step10_Switch_To_Web_View" time="35.795" classname="AppiumTests.test.GeneralStoreBasicTest"/>
  <testcase name="Step4_Verify_User_Able_To_Add_Product_To_Cart" time="17.929" classname="AppiumTests.test.GeneralStoreBasicTest"/>
  <testcase name="Step6_Verify_Price_Of_Product_On_Check_Out_Page" time="0.153" classname="AppiumTests.test.GeneralStoreBasicTest"/>
  <testcase name="Step5_Verify_User_Able_To_Add_Multiple_Project_And_CheckOut_Ammount" time="8.138" classname="AppiumTests.test.GeneralStoreBasicTest"/>
  <testcase name="Step3_Verify_Error_Message_On_Incorrect_Info" time="6.986" classname="AppiumTests.test.GeneralStoreBasicTest"/>
  <testcase name="Step2_Verify_User_is_Able_To_Login" time="15.476" classname="AppiumTests.test.GeneralStoreBasicTest"/>
  <testcase name="Step8_Click_Send_Me_Email_And_Verify_Satus" time="1.260" classname="AppiumTests.test.GeneralStoreBasicTest"/>
</testsuite> <!-- AppiumTests.test.GeneralStoreBasicTest -->
