<?xml version="1.0" encoding="UTF-8"?>
<!-- Generated by org.testng.reporters.JUnitReportReporter -->
<testsuite skipped="0" hostname="DLLA06P3273" name="AppiumTests.GeneralStore.test.GeneralStoreBasicTest2" tests="20" failures="0" timestamp="07 Jun 2020 08:17:13 GMT" time="206.107" errors="0">
  <testcase name="Step5_Verify_User_Able_To_Add_Multiple_Project_And_CheckOut_Ammount" time="25.484" classname="AppiumTests.GeneralStore.test.GeneralStoreBasicTest2"/>
  <testcase name="Step10_Switch_To_Web_View" time="0.374" classname="AppiumTests.GeneralStore.test.GeneralStoreBasicTest2"/>
  <testcase name="Step7_Verify_Terms_And_Conditions_On_Check_Out_Page" time="14.966" classname="AppiumTests.GeneralStore.test.GeneralStoreBasicTest2"/>
  <testcase name="Step3_Verify_Error_Message_On_Incorrect_Info" time="7.832" classname="AppiumTests.GeneralStore.test.GeneralStoreBasicTest2"/>
  <testcase name="Step1_Verify_User_is_On_Application" time="3.873" classname="AppiumTests.GeneralStore.test.GeneralStoreBasicTest2"/>
  <testcase name="Step4_Verify_User_Able_To_Add_Product_To_Cart" time="26.446" classname="AppiumTests.GeneralStore.test.GeneralStoreBasicTest2"/>
  <testcase name="Step8_Click_Send_Me_Email_And_Verify_Satus" time="1.134" classname="AppiumTests.GeneralStore.test.GeneralStoreBasicTest2"/>
  <testcase name="Step2_Verify_User_is_Able_To_Login" time="22.394" classname="AppiumTests.GeneralStore.test.GeneralStoreBasicTest2"/>
  <testcase name="Step8_Click_Send_Me_Email_And_Verify_Satus" time="1.136" classname="AppiumTests.GeneralStore.test.GeneralStoreBasicTest2"/>
  <testcase name="Step9_Click_Visit_To_Website_Button" time="0.226" classname="AppiumTests.GeneralStore.test.GeneralStoreBasicTest2"/>
  <testcase name="Step3_Verify_Error_Message_On_Incorrect_Info" time="7.441" classname="AppiumTests.GeneralStore.test.GeneralStoreBasicTest2"/>
  <testcase name="Step6_Verify_Price_Of_Product_On_Check_Out_Page" time="0.290" classname="AppiumTests.GeneralStore.test.GeneralStoreBasicTest2"/>
  <testcase name="Step7_Verify_Terms_And_Conditions_On_Check_Out_Page" time="15.203" classname="AppiumTests.GeneralStore.test.GeneralStoreBasicTest2"/>
  <testcase name="Step2_Verify_User_is_Able_To_Login" time="21.825" classname="AppiumTests.GeneralStore.test.GeneralStoreBasicTest2"/>
  <testcase name="Step4_Verify_User_Able_To_Add_Product_To_Cart" time="26.558" classname="AppiumTests.GeneralStore.test.GeneralStoreBasicTest2"/>
  <testcase name="Step10_Switch_To_Web_View" time="0.001" classname="AppiumTests.GeneralStore.test.GeneralStoreBasicTest2"/>
  <testcase name="Step5_Verify_User_Able_To_Add_Multiple_Project_And_CheckOut_Ammount" time="26.219" classname="AppiumTests.GeneralStore.test.GeneralStoreBasicTest2"/>
  <testcase name="Step6_Verify_Price_Of_Product_On_Check_Out_Page" time="0.347" classname="AppiumTests.GeneralStore.test.GeneralStoreBasicTest2"/>
  <testcase name="Step1_Verify_User_is_On_Application" time="4.099" classname="AppiumTests.GeneralStore.test.GeneralStoreBasicTest2"/>
  <testcase name="Step9_Click_Visit_To_Website_Button" time="0.259" classname="AppiumTests.GeneralStore.test.GeneralStoreBasicTest2"/>
</testsuite> <!-- AppiumTests.GeneralStore.test.GeneralStoreBasicTest2 -->
